<?xml version="1.0" encoding="UTF-8"?>
<!-- Generated by org.testng.reporters.JUnitReportReporter -->
<testsuite skipped="0" hostname="IL-1141" name="thirdNGproject.ThirdNGProject" tests="5" failures="0" timestamp="15 Jun 2018 17:43:20 GMT" time="22.687" errors="1">
  <testcase name="testCase04" time="5.627" classname="thirdNGproject.ThirdNGProject"/>
  <testcase name="testCase04" time="5.975" classname="thirdNGproject.ThirdNGProject"/>
  <testcase name="testCase04" time="5.995" classname="thirdNGproject.ThirdNGProject"/>
  <testcase name="testCase01" time="4.252" classname="thirdNGproject.ThirdNGProject">
    <error type="org.testng.internal.reflect.MethodMatcherException" message="
Data provider mismatch
Method: testCase01([])
Arguments: [(java.lang.String) mngr137052,(java.lang.String) usupEzU]">
      <![CDATA[org.testng.internal.reflect.MethodMatcherException: 
Data provider mismatch
Method: testCase01([])
Arguments: [(java.lang.String) mngr137052,(java.lang.String) usupEzU]
at org.testng.internal.reflect.DataProviderMethodMatcher.getConformingArguments(DataProviderMethodMatcher.java:45)
at org.testng.internal.Parameters.injectParameters(Parameters.java:796)
at org.testng.internal.Invoker.invokeTestMethods(Invoker.java:982)
at org.testng.internal.TestMethodWorker.invokeTestMethods(TestMethodWorker.java:125)
at org.testng.internal.TestMethodWorker.run(TestMethodWorker.java:109)
at org.testng.TestRunner.privateRun(TestRunner.java:648)
at org.testng.TestRunner.run(TestRunner.java:505)
at org.testng.SuiteRunner.runTest(SuiteRunner.java:455)
at org.testng.SuiteRunner.runSequentially(SuiteRunner.java:450)
at org.testng.SuiteRunner.privateRun(SuiteRunner.java:415)
at org.testng.SuiteRunner.run(SuiteRunner.java:364)
at org.testng.SuiteRunnerWorker.runSuite(SuiteRunnerWorker.java:52)
at org.testng.SuiteRunnerWorker.run(SuiteRunnerWorker.java:84)
at org.testng.TestNG.runSuitesSequentially(TestNG.java:1208)
at org.testng.TestNG.runSuitesLocally(TestNG.java:1137)
at org.testng.TestNG.runSuites(TestNG.java:1049)
at org.testng.TestNG.run(TestNG.java:1017)
at org.testng.remote.AbstractRemoteTestNG.run(AbstractRemoteTestNG.java:114)
at org.testng.remote.RemoteTestNG.initAndRun(RemoteTestNG.java:251)
at org.testng.remote.RemoteTestNG.main(RemoteTestNG.java:77)
]]>
    </error>
  </testcase> <!-- testCase01 -->
  <testcase name="testCase04" time="0.838" classname="thirdNGproject.ThirdNGProject"/>
</testsuite> <!-- thirdNGproject.ThirdNGProject -->
